TN:
SF:C:\Users\Ivan\PROJECTS\webs5node\app.js
FN:39,(anonymous_1)
FN:50,(anonymous_2)
FN:61,(anonymous_3)
FN:71,(anonymous_4)
FNF:4
FNH:0
FNDA:0,(anonymous_1)
FNDA:0,(anonymous_2)
FNDA:0,(anonymous_3)
FNDA:0,(anonymous_4)
DA:1,1
DA:2,1
DA:3,1
DA:4,1
DA:5,1
DA:6,1
DA:8,1
DA:10,1
DA:11,1
DA:12,1
DA:13,1
DA:14,1
DA:15,1
DA:16,1
DA:19,1
DA:20,1
DA:24,1
DA:25,1
DA:26,1
DA:27,1
DA:28,1
DA:29,1
DA:31,1
DA:32,1
DA:33,1
DA:34,1
DA:35,1
DA:36,1
DA:39,1
DA:40,0
DA:41,0
DA:42,0
DA:49,1
DA:50,1
DA:51,0
DA:52,0
DA:61,1
DA:62,0
DA:63,0
DA:69,1
DA:72,0
LF:41
LH:33
BRDA:49,1,0,1
BRDA:49,1,1,0
BRDA:51,2,0,0
BRDA:51,2,1,0
BRDA:62,3,0,0
BRDA:62,3,1,0
BRF:6
BRH:1
end_of_record
TN:
SF:C:\Users\Ivan\PROJECTS\webs5node\schemas.js
FN:1,(anonymous_1)
FN:39,(anonymous_2)
FNF:2
FNH:1
FNDA:1,(anonymous_1)
FNDA:0,(anonymous_2)
DA:1,1
DA:2,1
DA:5,1
DA:13,1
DA:20,1
DA:29,1
DA:35,1
DA:36,1
DA:37,1
DA:39,1
DA:40,0
DA:41,0
LF:12
LH:10
BRDA:40,1,0,0
BRDA:40,1,1,0
BRF:2
BRH:0
end_of_record
TN:
SF:C:\Users\Ivan\PROJECTS\webs5node\routes\index.js
FN:11,(anonymous_1)
FN:26,(anonymous_2)
FN:34,(anonymous_3)
FNF:3
FNH:0
FNDA:0,(anonymous_1)
FNDA:0,(anonymous_2)
FNDA:0,(anonymous_3)
DA:1,1
DA:2,1
DA:3,1
DA:4,1
DA:5,1
DA:7,1
DA:11,1
DA:12,0
DA:19,1
DA:20,1
DA:27,0
DA:31,1
DA:34,1
DA:35,0
DA:36,0
DA:37,0
DA:39,0
DA:43,1
LF:18
LH:12
BRDA:35,1,0,0
BRDA:35,1,1,0
BRF:2
BRH:0
end_of_record
TN:
SF:C:\Users\Ivan\PROJECTS\webs5node\routes\users.js
FN:5,(anonymous_1)
FNF:1
FNH:0
FNDA:0,(anonymous_1)
DA:1,1
DA:2,1
DA:5,1
DA:6,0
DA:9,1
LF:5
LH:4
BRF:0
BRH:0
end_of_record
TN:
SF:C:\Users\Ivan\PROJECTS\webs5node\routes\battles.js
FN:9,addImage
FN:11,(anonymous_2)
FN:16,(anonymous_3)
FN:22,saveBattle
FN:27,(anonymous_5)
FN:31,(anonymous_6)
FN:46,(anonymous_7)
FN:51,(anonymous_8)
FN:56,(anonymous_9)
FN:62,(anonymous_10)
FN:65,(anonymous_11)
FN:83,(anonymous_12)
FN:104,(anonymous_13)
FN:105,(anonymous_14)
FN:111,(anonymous_15)
FN:117,(anonymous_16)
FN:118,(anonymous_17)
FN:123,(anonymous_18)
FN:128,(anonymous_19)
FN:129,(anonymous_20)
FN:131,(anonymous_21)
FN:147,(anonymous_22)
FN:148,(anonymous_23)
FN:155,(anonymous_24)
FN:173,(anonymous_25)
FN:176,(anonymous_26)
FN:182,(anonymous_27)
FN:194,updateSocket
FN:195,(anonymous_29)
FN:202,(anonymous_30)
FNF:30
FNH:0
FNDA:0,addImage
FNDA:0,(anonymous_2)
FNDA:0,(anonymous_3)
FNDA:0,saveBattle
FNDA:0,(anonymous_5)
FNDA:0,(anonymous_6)
FNDA:0,(anonymous_7)
FNDA:0,(anonymous_8)
FNDA:0,(anonymous_9)
FNDA:0,(anonymous_10)
FNDA:0,(anonymous_11)
FNDA:0,(anonymous_12)
FNDA:0,(anonymous_13)
FNDA:0,(anonymous_14)
FNDA:0,(anonymous_15)
FNDA:0,(anonymous_16)
FNDA:0,(anonymous_17)
FNDA:0,(anonymous_18)
FNDA:0,(anonymous_19)
FNDA:0,(anonymous_20)
FNDA:0,(anonymous_21)
FNDA:0,(anonymous_22)
FNDA:0,(anonymous_23)
FNDA:0,(anonymous_24)
FNDA:0,(anonymous_25)
FNDA:0,(anonymous_26)
FNDA:0,(anonymous_27)
FNDA:0,updateSocket
FNDA:0,(anonymous_29)
FNDA:0,(anonymous_30)
DA:1,1
DA:9,1
DA:10,0
DA:12,0
DA:13,0
DA:14,0
DA:17,0
DA:18,0
DA:22,1
DA:23,0
DA:24,0
DA:29,0
DA:30,0
DA:31,0
DA:32,0
DA:33,0
DA:34,0
DA:35,0
DA:37,0
DA:38,0
DA:40,0
DA:45,1
DA:47,0
DA:48,0
DA:49,0
DA:50,0
DA:51,0
DA:52,0
DA:53,0
DA:56,0
DA:57,0
DA:58,0
DA:62,1
DA:63,0
DA:64,0
DA:65,0
DA:66,0
DA:67,0
DA:68,0
DA:70,0
DA:71,0
DA:72,0
DA:73,0
DA:74,0
DA:75,0
DA:76,0
DA:77,0
DA:82,0
DA:83,0
DA:84,0
DA:85,0
DA:86,0
DA:87,0
DA:92,0
DA:93,0
DA:94,0
DA:100,0
DA:101,0
DA:104,1
DA:105,0
DA:106,0
DA:107,0
DA:108,0
DA:110,0
DA:111,0
DA:113,0
DA:117,1
DA:118,0
DA:119,0
DA:120,0
DA:121,0
DA:123,0
DA:124,0
DA:128,1
DA:129,0
DA:130,0
DA:131,0
DA:132,0
DA:133,0
DA:134,0
DA:136,0
DA:137,0
DA:138,0
DA:142,0
DA:143,0
DA:147,1
DA:148,0
DA:149,0
DA:150,0
DA:151,0
DA:153,0
DA:154,0
DA:155,0
DA:156,0
DA:157,0
DA:158,0
DA:160,0
DA:161,0
DA:162,0
DA:163,0
DA:167,0
DA:168,0
DA:173,1
DA:174,0
DA:175,0
DA:176,0
DA:177,0
DA:178,0
DA:179,0
DA:181,0
DA:182,0
DA:184,0
DA:185,0
DA:188,0
DA:194,1
DA:195,0
DA:196,0
DA:197,0
DA:202,1
DA:203,0
DA:206,1
LF:121
LH:13
BRDA:29,1,0,0
BRDA:29,1,1,0
BRDA:32,2,0,0
BRDA:32,2,1,0
BRDA:49,3,0,0
BRDA:49,3,1,0
BRDA:49,4,0,0
BRDA:49,4,1,0
BRDA:52,5,0,0
BRDA:52,5,1,0
BRDA:57,6,0,0
BRDA:57,6,1,0
BRDA:63,7,0,0
BRDA:63,7,1,0
BRDA:66,8,0,0
BRDA:66,8,1,0
BRDA:82,9,0,0
BRDA:82,9,1,0
BRDA:85,10,0,0
BRDA:85,10,1,0
BRDA:85,11,0,0
BRDA:85,11,1,0
BRDA:92,12,0,0
BRDA:92,12,1,0
BRDA:106,13,0,0
BRDA:106,13,1,0
BRDA:110,14,0,0
BRDA:110,14,1,0
BRDA:110,15,0,0
BRDA:110,15,1,0
BRDA:111,16,0,0
BRDA:111,16,1,0
BRDA:111,16,2,0
BRDA:119,17,0,0
BRDA:119,17,1,0
BRDA:123,18,0,0
BRDA:123,18,1,0
BRDA:123,18,2,0
BRDA:130,19,0,0
BRDA:130,19,1,0
BRDA:132,20,0,0
BRDA:132,20,1,0
BRDA:149,21,0,0
BRDA:149,21,1,0
BRDA:153,22,0,0
BRDA:153,22,1,0
BRDA:156,23,0,0
BRDA:156,23,1,0
BRDA:177,24,0,0
BRDA:177,24,1,0
BRDA:181,25,0,0
BRDA:181,25,1,0
BRDA:181,26,0,0
BRDA:181,26,1,0
BRDA:182,27,0,0
BRDA:182,27,1,0
BRDA:182,27,2,0
BRDA:184,28,0,0
BRDA:184,28,1,0
BRDA:184,29,0,0
BRDA:184,29,1,0
BRDA:196,30,0,0
BRDA:196,30,1,0
BRF:63
BRH:0
end_of_record
TN:
SF:C:\Users\Ivan\PROJECTS\webs5node\routes\rankings.js
FN:6,(anonymous_1)
FN:11,(anonymous_2)
FN:16,(anonymous_3)
FN:23,(anonymous_4)
FN:24,(anonymous_5)
FN:35,(anonymous_6)
FN:45,(anonymous_7)
FN:46,(anonymous_8)
FNF:8
FNH:0
FNDA:0,(anonymous_1)
FNDA:0,(anonymous_2)
FNDA:0,(anonymous_3)
FNDA:0,(anonymous_4)
FNDA:0,(anonymous_5)
FNDA:0,(anonymous_6)
FNDA:0,(anonymous_7)
FNDA:0,(anonymous_8)
DA:1,1
DA:6,1
DA:7,0
DA:8,0
DA:9,0
DA:10,0
DA:11,0
DA:12,0
DA:13,0
DA:16,0
DA:17,0
DA:18,0
DA:23,1
DA:24,0
DA:25,0
DA:26,0
DA:27,0
DA:29,0
DA:35,1
DA:36,0
DA:37,0
DA:38,0
DA:39,0
DA:40,0
DA:41,0
DA:42,0
DA:43,0
DA:44,0
DA:45,0
DA:46,0
DA:47,0
DA:48,0
DA:49,0
DA:50,0
DA:51,0
DA:52,0
DA:53,0
DA:54,0
DA:56,0
DA:57,0
DA:58,0
DA:59,0
DA:60,0
DA:61,0
DA:64,0
DA:65,0
DA:66,0
DA:67,0
DA:68,0
DA:69,0
DA:71,0
DA:72,0
DA:73,0
DA:74,0
DA:76,0
DA:77,0
DA:82,0
DA:83,0
DA:86,1
LF:59
LH:5
BRDA:9,1,0,0
BRDA:9,1,1,0
BRDA:9,2,0,0
BRDA:9,2,1,0
BRDA:12,3,0,0
BRDA:12,3,1,0
BRDA:17,4,0,0
BRDA:17,4,1,0
BRDA:25,5,0,0
BRDA:25,5,1,0
BRDA:41,6,0,0
BRDA:41,6,1,0
BRDA:44,7,0,0
BRDA:44,7,1,0
BRDA:44,8,0,0
BRDA:44,8,1,0
BRDA:44,8,2,0
BRDA:47,9,0,0
BRDA:47,9,1,0
BRDA:49,10,0,0
BRDA:49,10,1,0
BRDA:49,11,0,0
BRDA:49,11,1,0
BRDA:50,12,0,0
BRDA:50,12,1,0
BRDA:51,13,0,0
BRDA:51,13,1,0
BRDA:51,14,0,0
BRDA:51,14,1,0
BRDA:52,15,0,0
BRDA:52,15,1,0
BRDA:53,16,0,0
BRDA:53,16,1,0
BRDA:53,17,0,0
BRDA:53,17,1,0
BRDA:54,18,0,0
BRDA:54,18,1,0
BRDA:56,19,0,0
BRDA:56,19,1,0
BRDA:57,20,0,0
BRDA:57,20,1,0
BRDA:58,21,0,0
BRDA:58,21,1,0
BRDA:59,22,0,0
BRDA:59,22,1,0
BRDA:60,23,0,0
BRDA:60,23,1,0
BRDA:61,24,0,0
BRDA:61,24,1,0
BRDA:66,25,0,0
BRDA:66,25,1,0
BRF:51
BRH:0
end_of_record
TN:
SF:C:\Users\Ivan\PROJECTS\webs5node\routes\battlesview.js
FN:9,(anonymous_1)
FN:10,(anonymous_2)
FN:19,(anonymous_3)
FN:22,(anonymous_4)
FNF:4
FNH:0
FNDA:0,(anonymous_1)
FNDA:0,(anonymous_2)
FNDA:0,(anonymous_3)
FNDA:0,(anonymous_4)
DA:1,1
DA:9,1
DA:10,0
DA:11,0
DA:12,0
DA:19,1
DA:20,0
DA:23,0
DA:24,0
DA:32,1
LF:10
LH:4
BRDA:11,1,0,0
BRDA:11,1,1,0
BRF:2
BRH:0
end_of_record
TN:
SF:C:\Users\Ivan\PROJECTS\webs5node\routes\rankingsview.js
FN:7,(anonymous_1)
FN:8,(anonymous_2)
FN:17,(anonymous_3)
FN:21,(anonymous_4)
FNF:4
FNH:0
FNDA:0,(anonymous_1)
FNDA:0,(anonymous_2)
FNDA:0,(anonymous_3)
FNDA:0,(anonymous_4)
DA:1,1
DA:7,1
DA:8,0
DA:9,0
DA:10,0
DA:17,1
DA:18,0
DA:22,0
DA:23,0
DA:30,1
LF:10
LH:4
BRDA:9,1,0,0
BRDA:9,1,1,0
BRF:2
BRH:0
end_of_record
